<?xml version="1.0" encoding="UTF-8"?>
<testng-results skipped="0" failed="1" ignored="0" total="6" passed="5">
  <reporter-output>
  </reporter-output>
  <suite name="Default suite" duration-ms="51821" started-at="2018-09-08T08:31:09Z" finished-at="2018-09-08T08:32:01Z">
    <groups>
      <group name="Functional">
        <method signature="UsersBasePageTest.ClickSugerCubeIcon()[pri:13, instance:com.SugerCrm.UsersBasePageTest@91161c7]" name="ClickSugerCubeIcon" class="com.SugerCrm.UsersBasePageTest"/>
        <method signature="UsersBasePageTest.ClickSugerCubeIconDDBtn()[pri:14, instance:com.SugerCrm.UsersBasePageTest@91161c7]" name="ClickSugerCubeIconDDBtn" class="com.SugerCrm.UsersBasePageTest"/>
        <method signature="UsersBasePageTest.notificationsBadgeCountReduced()[pri:16, instance:com.SugerCrm.UsersBasePageTest@91161c7]" name="notificationsBadgeCountReduced" class="com.SugerCrm.UsersBasePageTest"/>
      </group> <!-- Functional -->
      <group name="UI">
        <method signature="UsersBasePageTest.DashLetOverFlowBtnVisible()[pri:15, instance:com.SugerCrm.UsersBasePageTest@91161c7]" name="DashLetOverFlowBtnVisible" class="com.SugerCrm.UsersBasePageTest"/>
        <method signature="UsersBasePageTest.SugerCrmCubeIconVisibe()[pri:11, instance:com.SugerCrm.UsersBasePageTest@91161c7]" name="SugerCrmCubeIconVisibe" class="com.SugerCrm.UsersBasePageTest"/>
        <method signature="UsersBasePageTest.verifySugerCubeIcon()[pri:12, instance:com.SugerCrm.UsersBasePageTest@91161c7]" name="verifySugerCubeIcon" class="com.SugerCrm.UsersBasePageTest"/>
      </group> <!-- UI -->
    </groups>
    <test name="Default test" duration-ms="51821" started-at="2018-09-08T08:31:09Z" finished-at="2018-09-08T08:32:01Z">
      <class name="com.SugerCrm.UsersBasePageTest">
        <test-method status="PASS" signature="openBrowserWithCurrentTestPageUrl()[pri:0, instance:com.SugerCrm.UsersBasePageTest@91161c7]" name="openBrowserWithCurrentTestPageUrl" is-config="true" duration-ms="22307" started-at="2018-09-08T08:31:09Z" finished-at="2018-09-08T08:31:31Z">
          <reporter-output>
          </reporter-output>
        </test-method> <!-- openBrowserWithCurrentTestPageUrl -->
        <test-method status="PASS" signature="SugerCrmCubeIconVisibe()[pri:11, instance:com.SugerCrm.UsersBasePageTest@91161c7]" name="SugerCrmCubeIconVisibe" duration-ms="167" started-at="2018-09-08T08:31:31Z" finished-at="2018-09-08T08:31:31Z">
          <reporter-output>
          </reporter-output>
        </test-method> <!-- SugerCrmCubeIconVisibe -->
        <test-method status="FAIL" signature="verifySugerCubeIcon()[pri:12, instance:com.SugerCrm.UsersBasePageTest@91161c7]" name="verifySugerCubeIcon" duration-ms="2205" started-at="2018-09-08T08:31:31Z" finished-at="2018-09-08T08:31:34Z">
          <exception class="java.lang.AssertionError">
            <message>
              <![CDATA[Images Are Same expected [false] but found [true]]]>
            </message>
            <full-stacktrace>
              <![CDATA[java.lang.AssertionError: Images Are Same expected [false] but found [true]
at org.testng.Assert.fail(Assert.java:96)
at org.testng.Assert.failNotEquals(Assert.java:776)
at org.testng.Assert.assertFalse(Assert.java:65)
at com.SugerCrm.UsersBasePageTest.verifySugerCubeIcon(UsersBasePageTest.java:138)
at sun.reflect.NativeMethodAccessorImpl.invoke0(Native Method)
at sun.reflect.NativeMethodAccessorImpl.invoke(Unknown Source)
at sun.reflect.DelegatingMethodAccessorImpl.invoke(Unknown Source)
at java.lang.reflect.Method.invoke(Unknown Source)
at org.testng.internal.MethodInvocationHelper.invokeMethod(MethodInvocationHelper.java:124)
at org.testng.internal.Invoker.invokeMethod(Invoker.java:583)
at org.testng.internal.Invoker.invokeTestMethod(Invoker.java:719)
at org.testng.internal.Invoker.invokeTestMethods(Invoker.java:989)
at org.testng.internal.TestMethodWorker.invokeTestMethods(TestMethodWorker.java:125)
at org.testng.internal.TestMethodWorker.run(TestMethodWorker.java:109)
at org.testng.TestRunner.privateRun(TestRunner.java:648)
at org.testng.TestRunner.run(TestRunner.java:505)
at org.testng.SuiteRunner.runTest(SuiteRunner.java:455)
at org.testng.SuiteRunner.runSequentially(SuiteRunner.java:450)
at org.testng.SuiteRunner.privateRun(SuiteRunner.java:415)
at org.testng.SuiteRunner.run(SuiteRunner.java:364)
at org.testng.SuiteRunnerWorker.runSuite(SuiteRunnerWorker.java:52)
at org.testng.SuiteRunnerWorker.run(SuiteRunnerWorker.java:84)
at org.testng.TestNG.runSuitesSequentially(TestNG.java:1208)
at org.testng.TestNG.runSuitesLocally(TestNG.java:1137)
at org.testng.TestNG.runSuites(TestNG.java:1049)
at org.testng.TestNG.run(TestNG.java:1017)
at org.testng.remote.AbstractRemoteTestNG.run(AbstractRemoteTestNG.java:114)
at org.testng.remote.RemoteTestNG.initAndRun(RemoteTestNG.java:251)
at org.testng.remote.RemoteTestNG.main(RemoteTestNG.java:77)
]]>
            </full-stacktrace>
          </exception> <!-- java.lang.AssertionError -->
          <reporter-output>
          </reporter-output>
        </test-method> <!-- verifySugerCubeIcon -->
        <test-method status="PASS" signature="ClickSugerCubeIcon()[pri:13, instance:com.SugerCrm.UsersBasePageTest@91161c7]" name="ClickSugerCubeIcon" duration-ms="667" started-at="2018-09-08T08:31:34Z" finished-at="2018-09-08T08:31:34Z">
          <reporter-output>
          </reporter-output>
        </test-method> <!-- ClickSugerCubeIcon -->
        <test-method status="PASS" signature="ClickSugerCubeIconDDBtn()[pri:14, instance:com.SugerCrm.UsersBasePageTest@91161c7]" name="ClickSugerCubeIconDDBtn" duration-ms="578" started-at="2018-09-08T08:31:34Z" finished-at="2018-09-08T08:31:35Z">
          <reporter-output>
          </reporter-output>
        </test-method> <!-- ClickSugerCubeIconDDBtn -->
        <test-method status="PASS" signature="DashLetOverFlowBtnVisible()[pri:15, instance:com.SugerCrm.UsersBasePageTest@91161c7]" name="DashLetOverFlowBtnVisible" duration-ms="308" started-at="2018-09-08T08:31:35Z" finished-at="2018-09-08T08:31:35Z">
          <reporter-output>
          </reporter-output>
        </test-method> <!-- DashLetOverFlowBtnVisible -->
        <test-method status="PASS" signature="notificationsBadgeCountReduced()[pri:16, instance:com.SugerCrm.UsersBasePageTest@91161c7]" name="notificationsBadgeCountReduced" duration-ms="12036" started-at="2018-09-08T08:31:35Z" finished-at="2018-09-08T08:31:47Z">
          <reporter-output>
          </reporter-output>
        </test-method> <!-- notificationsBadgeCountReduced -->
        <test-method status="PASS" signature="closeTheBrowser()[pri:0, instance:com.SugerCrm.UsersBasePageTest@91161c7]" name="closeTheBrowser" is-config="true" duration-ms="13518" started-at="2018-09-08T08:31:47Z" finished-at="2018-09-08T08:32:01Z">
          <reporter-output>
          </reporter-output>
        </test-method> <!-- closeTheBrowser -->
      </class> <!-- com.SugerCrm.UsersBasePageTest -->
    </test> <!-- Default test -->
  </suite> <!-- Default suite -->
</testng-results>
